{"C:\\Users\\Brian\\OneDrive\\Área de Trabalho\\projetos\\Brian-Mello\\semana12\\Aula3-Projeto-WeekPlanner\\src\\actions\\index.js": {"path":"C:\\Users\\Brian\\OneDrive\\Área de Trabalho\\projetos\\Brian-Mello\\semana12\\Aula3-Projeto-WeekPlanner\\src\\actions\\index.js","statementMap":{"0":{"start":{"line":3,"column":16},"end":{"line":3,"column":99}},"1":{"start":{"line":5,"column":32},"end":{"line":10,"column":2}},"2":{"start":{"line":5,"column":43},"end":{"line":10,"column":1}},"3":{"start":{"line":12,"column":24},"end":{"line":16,"column":1}},"4":{"start":{"line":12,"column":30},"end":{"line":16,"column":1}},"5":{"start":{"line":14,"column":21},"end":{"line":14,"column":50}},"6":{"start":{"line":15,"column":8},"end":{"line":15,"column":49}},"7":{"start":{"line":18,"column":26},"end":{"line":31,"column":1}},"8":{"start":{"line":18,"column":41},"end":{"line":31,"column":1}},"9":{"start":{"line":20,"column":20},"end":{"line":23,"column":5}},"10":{"start":{"line":25,"column":21},"end":{"line":25,"column":60}},"11":{"start":{"line":27,"column":4},"end":{"line":30,"column":5}},"12":{"start":{"line":29,"column":8},"end":{"line":29,"column":28}}},"fnMap":{"0":{"name":"(anonymous_0)","decl":{"start":{"line":5,"column":32},"end":{"line":5,"column":33}},"loc":{"start":{"line":5,"column":43},"end":{"line":10,"column":1}},"line":5},"1":{"name":"(anonymous_1)","decl":{"start":{"line":12,"column":24},"end":{"line":12,"column":25}},"loc":{"start":{"line":12,"column":30},"end":{"line":16,"column":1}},"line":12},"2":{"name":"(anonymous_2)","decl":{"start":{"line":12,"column":30},"end":{"line":12,"column":31}},"loc":{"start":{"line":12,"column":50},"end":{"line":16,"column":1}},"line":12},"3":{"name":"(anonymous_3)","decl":{"start":{"line":18,"column":26},"end":{"line":18,"column":27}},"loc":{"start":{"line":18,"column":41},"end":{"line":31,"column":1}},"line":18},"4":{"name":"(anonymous_4)","decl":{"start":{"line":18,"column":41},"end":{"line":18,"column":42}},"loc":{"start":{"line":18,"column":61},"end":{"line":31,"column":1}},"line":18}},"branchMap":{"0":{"loc":{"start":{"line":27,"column":4},"end":{"line":30,"column":5}},"type":"if","locations":[{"start":{"line":27,"column":4},"end":{"line":30,"column":5}},{"start":{"line":27,"column":4},"end":{"line":30,"column":5}}],"line":27}},"s":{"0":4,"1":4,"2":4,"3":4,"4":3,"5":2,"6":1,"7":4,"8":1,"9":1,"10":1,"11":1,"12":1},"f":{"0":4,"1":3,"2":2,"3":1,"4":1},"b":{"0":[1,0]},"_coverageSchema":"43e27e138ebf9cfc5966b082cf9a028302ed4184","hash":"5b9dac936815c3460cc88a08098fb43269638df1"}
,"C:\\Users\\Brian\\OneDrive\\Área de Trabalho\\projetos\\Brian-Mello\\semana12\\Aula3-Projeto-WeekPlanner\\src\\components\\SelectForDay\\index.js": {"path":"C:\\Users\\Brian\\OneDrive\\Área de Trabalho\\projetos\\Brian-Mello\\semana12\\Aula3-Projeto-WeekPlanner\\src\\components\\SelectForDay\\index.js","statementMap":{"0":{"start":{"line":5,"column":4},"end":{"line":16,"column":5}}},"fnMap":{"0":{"name":"SelectedDay","decl":{"start":{"line":4,"column":16},"end":{"line":4,"column":27}},"loc":{"start":{"line":4,"column":36},"end":{"line":17,"column":1}},"line":4}},"branchMap":{},"s":{"0":2},"f":{"0":2},"b":{},"_coverageSchema":"43e27e138ebf9cfc5966b082cf9a028302ed4184","hash":"c950413262fcfb2be63851e866d4f71cfee15890"}
,"C:\\Users\\Brian\\OneDrive\\Área de Trabalho\\projetos\\Brian-Mello\\semana12\\Aula3-Projeto-WeekPlanner\\src\\containers\\Planner\\index.js": {"path":"C:\\Users\\Brian\\OneDrive\\Área de Trabalho\\projetos\\Brian-Mello\\semana12\\Aula3-Projeto-WeekPlanner\\src\\containers\\Planner\\index.js","statementMap":{"0":{"start":{"line":9,"column":23},"end":{"line":16,"column":1}},"1":{"start":{"line":20,"column":4},"end":{"line":20,"column":19}},"2":{"start":{"line":21,"column":4},"end":{"line":24,"column":5}},"3":{"start":{"line":28,"column":4},"end":{"line":28,"column":25}},"4":{"start":{"line":31,"column":24},"end":{"line":35,"column":3}},"5":{"start":{"line":32,"column":28},"end":{"line":32,"column":40}},"6":{"start":{"line":34,"column":4},"end":{"line":34,"column":67}},"7":{"start":{"line":38,"column":21},"end":{"line":48,"column":3}},"8":{"start":{"line":39,"column":4},"end":{"line":39,"column":27}},"9":{"start":{"line":41,"column":20},"end":{"line":41,"column":30}},"10":{"start":{"line":42,"column":21},"end":{"line":42,"column":36}},"11":{"start":{"line":44,"column":4},"end":{"line":44,"column":38}},"12":{"start":{"line":46,"column":4},"end":{"line":46,"column":29}},"13":{"start":{"line":47,"column":4},"end":{"line":47,"column":27}},"14":{"start":{"line":50,"column":30},"end":{"line":53,"column":3}},"15":{"start":{"line":51,"column":22},"end":{"line":51,"column":34}},"16":{"start":{"line":52,"column":4},"end":{"line":52,"column":35}},"17":{"start":{"line":57,"column":21},"end":{"line":57,"column":31}},"18":{"start":{"line":59,"column":26},"end":{"line":61,"column":7}},"19":{"start":{"line":60,"column":7},"end":{"line":60,"column":36}},"20":{"start":{"line":65,"column":5},"end":{"line":75,"column":6}},"21":{"start":{"line":66,"column":6},"end":{"line":74,"column":9}},"22":{"start":{"line":67,"column":9},"end":{"line":73,"column":10}},"23":{"start":{"line":68,"column":11},"end":{"line":68,"column":20}},"24":{"start":{"line":69,"column":16},"end":{"line":73,"column":10}},"25":{"start":{"line":70,"column":11},"end":{"line":70,"column":21}},"26":{"start":{"line":72,"column":11},"end":{"line":72,"column":19}},"27":{"start":{"line":77,"column":27},"end":{"line":79,"column":6}},"28":{"start":{"line":78,"column":6},"end":{"line":78,"column":33}},"29":{"start":{"line":83,"column":4},"end":{"line":93,"column":5}},"30":{"start":{"line":84,"column":6},"end":{"line":92,"column":8}},"31":{"start":{"line":85,"column":8},"end":{"line":91,"column":9}},"32":{"start":{"line":86,"column":10},"end":{"line":86,"column":19}},"33":{"start":{"line":87,"column":15},"end":{"line":91,"column":9}},"34":{"start":{"line":88,"column":10},"end":{"line":88,"column":20}},"35":{"start":{"line":90,"column":10},"end":{"line":90,"column":18}},"36":{"start":{"line":95,"column":28},"end":{"line":97,"column":6}},"37":{"start":{"line":96,"column":6},"end":{"line":96,"column":34}},"38":{"start":{"line":101,"column":4},"end":{"line":111,"column":5}},"39":{"start":{"line":102,"column":6},"end":{"line":110,"column":8}},"40":{"start":{"line":103,"column":8},"end":{"line":109,"column":9}},"41":{"start":{"line":104,"column":10},"end":{"line":104,"column":19}},"42":{"start":{"line":105,"column":15},"end":{"line":109,"column":9}},"43":{"start":{"line":106,"column":10},"end":{"line":106,"column":20}},"44":{"start":{"line":108,"column":10},"end":{"line":108,"column":18}},"45":{"start":{"line":113,"column":27},"end":{"line":115,"column":6}},"46":{"start":{"line":114,"column":6},"end":{"line":114,"column":34}},"47":{"start":{"line":118,"column":4},"end":{"line":128,"column":5}},"48":{"start":{"line":119,"column":6},"end":{"line":127,"column":8}},"49":{"start":{"line":120,"column":8},"end":{"line":126,"column":9}},"50":{"start":{"line":121,"column":10},"end":{"line":121,"column":19}},"51":{"start":{"line":122,"column":15},"end":{"line":126,"column":9}},"52":{"start":{"line":123,"column":10},"end":{"line":123,"column":20}},"53":{"start":{"line":125,"column":10},"end":{"line":125,"column":18}},"54":{"start":{"line":130,"column":25},"end":{"line":132,"column":6}},"55":{"start":{"line":131,"column":6},"end":{"line":131,"column":33}},"56":{"start":{"line":136,"column":4},"end":{"line":146,"column":5}},"57":{"start":{"line":137,"column":6},"end":{"line":145,"column":8}},"58":{"start":{"line":138,"column":8},"end":{"line":144,"column":9}},"59":{"start":{"line":139,"column":10},"end":{"line":139,"column":19}},"60":{"start":{"line":140,"column":15},"end":{"line":144,"column":9}},"61":{"start":{"line":141,"column":10},"end":{"line":141,"column":20}},"62":{"start":{"line":143,"column":10},"end":{"line":143,"column":18}},"63":{"start":{"line":148,"column":27},"end":{"line":150,"column":6}},"64":{"start":{"line":149,"column":6},"end":{"line":149,"column":34}},"65":{"start":{"line":153,"column":4},"end":{"line":163,"column":5}},"66":{"start":{"line":154,"column":6},"end":{"line":162,"column":8}},"67":{"start":{"line":155,"column":8},"end":{"line":161,"column":9}},"68":{"start":{"line":156,"column":10},"end":{"line":156,"column":19}},"69":{"start":{"line":157,"column":15},"end":{"line":161,"column":9}},"70":{"start":{"line":158,"column":10},"end":{"line":158,"column":20}},"71":{"start":{"line":160,"column":10},"end":{"line":160,"column":18}},"72":{"start":{"line":165,"column":25},"end":{"line":167,"column":6}},"73":{"start":{"line":166,"column":6},"end":{"line":166,"column":35}},"74":{"start":{"line":170,"column":4},"end":{"line":180,"column":5}},"75":{"start":{"line":171,"column":6},"end":{"line":179,"column":8}},"76":{"start":{"line":172,"column":8},"end":{"line":178,"column":9}},"77":{"start":{"line":173,"column":10},"end":{"line":173,"column":19}},"78":{"start":{"line":174,"column":15},"end":{"line":178,"column":9}},"79":{"start":{"line":175,"column":10},"end":{"line":175,"column":20}},"80":{"start":{"line":177,"column":10},"end":{"line":177,"column":18}},"81":{"start":{"line":182,"column":4},"end":{"line":244,"column":5}},"82":{"start":{"line":190,"column":18},"end":{"line":201,"column":24}},"83":{"start":{"line":215,"column":50},"end":{"line":215,"column":89}},"84":{"start":{"line":219,"column":51},"end":{"line":219,"column":90}},"85":{"start":{"line":223,"column":53},"end":{"line":223,"column":92}},"86":{"start":{"line":227,"column":52},"end":{"line":227,"column":91}},"87":{"start":{"line":231,"column":50},"end":{"line":231,"column":89}},"88":{"start":{"line":235,"column":52},"end":{"line":235,"column":91}},"89":{"start":{"line":239,"column":50},"end":{"line":239,"column":89}},"90":{"start":{"line":248,"column":24},"end":{"line":251,"column":2}},"91":{"start":{"line":248,"column":34},"end":{"line":251,"column":1}},"92":{"start":{"line":253,"column":27},"end":{"line":256,"column":2}},"93":{"start":{"line":253,"column":42},"end":{"line":256,"column":1}},"94":{"start":{"line":254,"column":29},"end":{"line":254,"column":60}},"95":{"start":{"line":255,"column":18},"end":{"line":255,"column":38}}},"fnMap":{"0":{"name":"(anonymous_0)","decl":{"start":{"line":19,"column":2},"end":{"line":19,"column":3}},"loc":{"start":{"line":19,"column":22},"end":{"line":25,"column":3}},"line":19},"1":{"name":"(anonymous_1)","decl":{"start":{"line":27,"column":2},"end":{"line":27,"column":3}},"loc":{"start":{"line":27,"column":30},"end":{"line":29,"column":3}},"line":27},"2":{"name":"(anonymous_2)","decl":{"start":{"line":31,"column":24},"end":{"line":31,"column":25}},"loc":{"start":{"line":31,"column":33},"end":{"line":35,"column":3}},"line":31},"3":{"name":"(anonymous_3)","decl":{"start":{"line":38,"column":21},"end":{"line":38,"column":22}},"loc":{"start":{"line":38,"column":30},"end":{"line":48,"column":3}},"line":38},"4":{"name":"(anonymous_4)","decl":{"start":{"line":50,"column":30},"end":{"line":50,"column":31}},"loc":{"start":{"line":50,"column":39},"end":{"line":53,"column":3}},"line":50},"5":{"name":"(anonymous_5)","decl":{"start":{"line":55,"column":2},"end":{"line":55,"column":3}},"loc":{"start":{"line":55,"column":11},"end":{"line":245,"column":3}},"line":55},"6":{"name":"(anonymous_6)","decl":{"start":{"line":59,"column":39},"end":{"line":59,"column":40}},"loc":{"start":{"line":59,"column":49},"end":{"line":61,"column":6}},"line":59},"7":{"name":"(anonymous_7)","decl":{"start":{"line":66,"column":40},"end":{"line":66,"column":41}},"loc":{"start":{"line":66,"column":49},"end":{"line":74,"column":8}},"line":66},"8":{"name":"(anonymous_8)","decl":{"start":{"line":77,"column":40},"end":{"line":77,"column":41}},"loc":{"start":{"line":77,"column":50},"end":{"line":79,"column":5}},"line":77},"9":{"name":"(anonymous_9)","decl":{"start":{"line":84,"column":42},"end":{"line":84,"column":43}},"loc":{"start":{"line":84,"column":51},"end":{"line":92,"column":7}},"line":84},"10":{"name":"(anonymous_10)","decl":{"start":{"line":95,"column":41},"end":{"line":95,"column":42}},"loc":{"start":{"line":95,"column":51},"end":{"line":97,"column":5}},"line":95},"11":{"name":"(anonymous_11)","decl":{"start":{"line":102,"column":46},"end":{"line":102,"column":47}},"loc":{"start":{"line":102,"column":55},"end":{"line":110,"column":7}},"line":102},"12":{"name":"(anonymous_12)","decl":{"start":{"line":113,"column":40},"end":{"line":113,"column":41}},"loc":{"start":{"line":113,"column":50},"end":{"line":115,"column":5}},"line":113},"13":{"name":"(anonymous_13)","decl":{"start":{"line":119,"column":44},"end":{"line":119,"column":45}},"loc":{"start":{"line":119,"column":53},"end":{"line":127,"column":7}},"line":119},"14":{"name":"(anonymous_14)","decl":{"start":{"line":130,"column":38},"end":{"line":130,"column":39}},"loc":{"start":{"line":130,"column":48},"end":{"line":132,"column":5}},"line":130},"15":{"name":"(anonymous_15)","decl":{"start":{"line":137,"column":40},"end":{"line":137,"column":41}},"loc":{"start":{"line":137,"column":49},"end":{"line":145,"column":7}},"line":137},"16":{"name":"(anonymous_16)","decl":{"start":{"line":148,"column":40},"end":{"line":148,"column":41}},"loc":{"start":{"line":148,"column":50},"end":{"line":150,"column":5}},"line":148},"17":{"name":"(anonymous_17)","decl":{"start":{"line":154,"column":44},"end":{"line":154,"column":45}},"loc":{"start":{"line":154,"column":53},"end":{"line":162,"column":7}},"line":154},"18":{"name":"(anonymous_18)","decl":{"start":{"line":165,"column":38},"end":{"line":165,"column":39}},"loc":{"start":{"line":165,"column":48},"end":{"line":167,"column":5}},"line":165},"19":{"name":"(anonymous_19)","decl":{"start":{"line":171,"column":40},"end":{"line":171,"column":41}},"loc":{"start":{"line":171,"column":49},"end":{"line":179,"column":7}},"line":171},"20":{"name":"(anonymous_20)","decl":{"start":{"line":189,"column":37},"end":{"line":189,"column":38}},"loc":{"start":{"line":190,"column":18},"end":{"line":201,"column":24}},"line":190},"21":{"name":"(anonymous_21)","decl":{"start":{"line":215,"column":40},"end":{"line":215,"column":41}},"loc":{"start":{"line":215,"column":50},"end":{"line":215,"column":89}},"line":215},"22":{"name":"(anonymous_22)","decl":{"start":{"line":219,"column":41},"end":{"line":219,"column":42}},"loc":{"start":{"line":219,"column":51},"end":{"line":219,"column":90}},"line":219},"23":{"name":"(anonymous_23)","decl":{"start":{"line":223,"column":43},"end":{"line":223,"column":44}},"loc":{"start":{"line":223,"column":53},"end":{"line":223,"column":92}},"line":223},"24":{"name":"(anonymous_24)","decl":{"start":{"line":227,"column":42},"end":{"line":227,"column":43}},"loc":{"start":{"line":227,"column":52},"end":{"line":227,"column":91}},"line":227},"25":{"name":"(anonymous_25)","decl":{"start":{"line":231,"column":40},"end":{"line":231,"column":41}},"loc":{"start":{"line":231,"column":50},"end":{"line":231,"column":89}},"line":231},"26":{"name":"(anonymous_26)","decl":{"start":{"line":235,"column":42},"end":{"line":235,"column":43}},"loc":{"start":{"line":235,"column":52},"end":{"line":235,"column":91}},"line":235},"27":{"name":"(anonymous_27)","decl":{"start":{"line":239,"column":40},"end":{"line":239,"column":41}},"loc":{"start":{"line":239,"column":50},"end":{"line":239,"column":89}},"line":239},"28":{"name":"(anonymous_28)","decl":{"start":{"line":248,"column":24},"end":{"line":248,"column":25}},"loc":{"start":{"line":248,"column":34},"end":{"line":251,"column":1}},"line":248},"29":{"name":"(anonymous_29)","decl":{"start":{"line":253,"column":27},"end":{"line":253,"column":28}},"loc":{"start":{"line":253,"column":42},"end":{"line":256,"column":1}},"line":253},"30":{"name":"(anonymous_30)","decl":{"start":{"line":254,"column":14},"end":{"line":254,"column":15}},"loc":{"start":{"line":254,"column":29},"end":{"line":254,"column":60}},"line":254},"31":{"name":"(anonymous_31)","decl":{"start":{"line":255,"column":12},"end":{"line":255,"column":13}},"loc":{"start":{"line":255,"column":18},"end":{"line":255,"column":38}},"line":255}},"branchMap":{"0":{"loc":{"start":{"line":65,"column":5},"end":{"line":75,"column":6}},"type":"if","locations":[{"start":{"line":65,"column":5},"end":{"line":75,"column":6}},{"start":{"line":65,"column":5},"end":{"line":75,"column":6}}],"line":65},"1":{"loc":{"start":{"line":67,"column":9},"end":{"line":73,"column":10}},"type":"if","locations":[{"start":{"line":67,"column":9},"end":{"line":73,"column":10}},{"start":{"line":67,"column":9},"end":{"line":73,"column":10}}],"line":67},"2":{"loc":{"start":{"line":69,"column":16},"end":{"line":73,"column":10}},"type":"if","locations":[{"start":{"line":69,"column":16},"end":{"line":73,"column":10}},{"start":{"line":69,"column":16},"end":{"line":73,"column":10}}],"line":69},"3":{"loc":{"start":{"line":83,"column":4},"end":{"line":93,"column":5}},"type":"if","locations":[{"start":{"line":83,"column":4},"end":{"line":93,"column":5}},{"start":{"line":83,"column":4},"end":{"line":93,"column":5}}],"line":83},"4":{"loc":{"start":{"line":85,"column":8},"end":{"line":91,"column":9}},"type":"if","locations":[{"start":{"line":85,"column":8},"end":{"line":91,"column":9}},{"start":{"line":85,"column":8},"end":{"line":91,"column":9}}],"line":85},"5":{"loc":{"start":{"line":87,"column":15},"end":{"line":91,"column":9}},"type":"if","locations":[{"start":{"line":87,"column":15},"end":{"line":91,"column":9}},{"start":{"line":87,"column":15},"end":{"line":91,"column":9}}],"line":87},"6":{"loc":{"start":{"line":101,"column":4},"end":{"line":111,"column":5}},"type":"if","locations":[{"start":{"line":101,"column":4},"end":{"line":111,"column":5}},{"start":{"line":101,"column":4},"end":{"line":111,"column":5}}],"line":101},"7":{"loc":{"start":{"line":103,"column":8},"end":{"line":109,"column":9}},"type":"if","locations":[{"start":{"line":103,"column":8},"end":{"line":109,"column":9}},{"start":{"line":103,"column":8},"end":{"line":109,"column":9}}],"line":103},"8":{"loc":{"start":{"line":105,"column":15},"end":{"line":109,"column":9}},"type":"if","locations":[{"start":{"line":105,"column":15},"end":{"line":109,"column":9}},{"start":{"line":105,"column":15},"end":{"line":109,"column":9}}],"line":105},"9":{"loc":{"start":{"line":118,"column":4},"end":{"line":128,"column":5}},"type":"if","locations":[{"start":{"line":118,"column":4},"end":{"line":128,"column":5}},{"start":{"line":118,"column":4},"end":{"line":128,"column":5}}],"line":118},"10":{"loc":{"start":{"line":120,"column":8},"end":{"line":126,"column":9}},"type":"if","locations":[{"start":{"line":120,"column":8},"end":{"line":126,"column":9}},{"start":{"line":120,"column":8},"end":{"line":126,"column":9}}],"line":120},"11":{"loc":{"start":{"line":122,"column":15},"end":{"line":126,"column":9}},"type":"if","locations":[{"start":{"line":122,"column":15},"end":{"line":126,"column":9}},{"start":{"line":122,"column":15},"end":{"line":126,"column":9}}],"line":122},"12":{"loc":{"start":{"line":136,"column":4},"end":{"line":146,"column":5}},"type":"if","locations":[{"start":{"line":136,"column":4},"end":{"line":146,"column":5}},{"start":{"line":136,"column":4},"end":{"line":146,"column":5}}],"line":136},"13":{"loc":{"start":{"line":138,"column":8},"end":{"line":144,"column":9}},"type":"if","locations":[{"start":{"line":138,"column":8},"end":{"line":144,"column":9}},{"start":{"line":138,"column":8},"end":{"line":144,"column":9}}],"line":138},"14":{"loc":{"start":{"line":140,"column":15},"end":{"line":144,"column":9}},"type":"if","locations":[{"start":{"line":140,"column":15},"end":{"line":144,"column":9}},{"start":{"line":140,"column":15},"end":{"line":144,"column":9}}],"line":140},"15":{"loc":{"start":{"line":153,"column":4},"end":{"line":163,"column":5}},"type":"if","locations":[{"start":{"line":153,"column":4},"end":{"line":163,"column":5}},{"start":{"line":153,"column":4},"end":{"line":163,"column":5}}],"line":153},"16":{"loc":{"start":{"line":155,"column":8},"end":{"line":161,"column":9}},"type":"if","locations":[{"start":{"line":155,"column":8},"end":{"line":161,"column":9}},{"start":{"line":155,"column":8},"end":{"line":161,"column":9}}],"line":155},"17":{"loc":{"start":{"line":157,"column":15},"end":{"line":161,"column":9}},"type":"if","locations":[{"start":{"line":157,"column":15},"end":{"line":161,"column":9}},{"start":{"line":157,"column":15},"end":{"line":161,"column":9}}],"line":157},"18":{"loc":{"start":{"line":170,"column":4},"end":{"line":180,"column":5}},"type":"if","locations":[{"start":{"line":170,"column":4},"end":{"line":180,"column":5}},{"start":{"line":170,"column":4},"end":{"line":180,"column":5}}],"line":170},"19":{"loc":{"start":{"line":172,"column":8},"end":{"line":178,"column":9}},"type":"if","locations":[{"start":{"line":172,"column":8},"end":{"line":178,"column":9}},{"start":{"line":172,"column":8},"end":{"line":178,"column":9}}],"line":172},"20":{"loc":{"start":{"line":174,"column":15},"end":{"line":178,"column":9}},"type":"if","locations":[{"start":{"line":174,"column":15},"end":{"line":178,"column":9}},{"start":{"line":174,"column":15},"end":{"line":178,"column":9}}],"line":174},"21":{"loc":{"start":{"line":196,"column":35},"end":{"line":196,"column":68}},"type":"binary-expr","locations":[{"start":{"line":196,"column":35},"end":{"line":196,"column":62}},{"start":{"line":196,"column":66},"end":{"line":196,"column":68}}],"line":196}},"s":{"0":2,"1":2,"2":2,"3":2,"4":2,"5":0,"6":0,"7":2,"8":0,"9":0,"10":0,"11":0,"12":0,"13":0,"14":2,"15":0,"16":0,"17":2,"18":2,"19":0,"20":2,"21":2,"22":0,"23":0,"24":0,"25":0,"26":0,"27":2,"28":0,"29":2,"30":2,"31":0,"32":0,"33":0,"34":0,"35":0,"36":2,"37":0,"38":2,"39":2,"40":0,"41":0,"42":0,"43":0,"44":0,"45":2,"46":0,"47":2,"48":2,"49":0,"50":0,"51":0,"52":0,"53":0,"54":2,"55":0,"56":2,"57":2,"58":0,"59":0,"60":0,"61":0,"62":0,"63":2,"64":0,"65":2,"66":2,"67":0,"68":0,"69":0,"70":0,"71":0,"72":2,"73":0,"74":2,"75":2,"76":0,"77":0,"78":0,"79":0,"80":0,"81":2,"82":2,"83":0,"84":0,"85":0,"86":0,"87":0,"88":0,"89":0,"90":2,"91":1,"92":2,"93":1,"94":0,"95":1},"f":{"0":2,"1":2,"2":0,"3":0,"4":0,"5":2,"6":0,"7":0,"8":0,"9":0,"10":0,"11":0,"12":0,"13":0,"14":0,"15":0,"16":0,"17":0,"18":0,"19":0,"20":2,"21":0,"22":0,"23":0,"24":0,"25":0,"26":0,"27":0,"28":1,"29":1,"30":0,"31":1},"b":{"0":[2,0],"1":[0,0],"2":[0,0],"3":[2,0],"4":[0,0],"5":[0,0],"6":[2,0],"7":[0,0],"8":[0,0],"9":[2,0],"10":[0,0],"11":[0,0],"12":[2,0],"13":[0,0],"14":[0,0],"15":[2,0],"16":[0,0],"17":[0,0],"18":[2,0],"19":[0,0],"20":[0,0],"21":[2,2]},"_coverageSchema":"43e27e138ebf9cfc5966b082cf9a028302ed4184","hash":"46b1841a03012af5de48d3e260066377686fee69"}
,"C:\\Users\\Brian\\OneDrive\\Área de Trabalho\\projetos\\Brian-Mello\\semana12\\Aula3-Projeto-WeekPlanner\\src\\style\\styled.js": {"path":"C:\\Users\\Brian\\OneDrive\\Área de Trabalho\\projetos\\Brian-Mello\\semana12\\Aula3-Projeto-WeekPlanner\\src\\style\\styled.js","statementMap":{"0":{"start":{"line":5,"column":28},"end":{"line":16,"column":1}},"1":{"start":{"line":18,"column":27},"end":{"line":27,"column":1}},"2":{"start":{"line":28,"column":29},"end":{"line":37,"column":1}},"3":{"start":{"line":39,"column":26},"end":{"line":50,"column":1}},"4":{"start":{"line":52,"column":28},"end":{"line":63,"column":1}},"5":{"start":{"line":65,"column":25},"end":{"line":75,"column":1}},"6":{"start":{"line":77,"column":39},"end":{"line":92,"column":1}},"7":{"start":{"line":94,"column":24},"end":{"line":97,"column":1}},"8":{"start":{"line":99,"column":30},"end":{"line":111,"column":1}},"9":{"start":{"line":115,"column":23},"end":{"line":118,"column":1}},"10":{"start":{"line":120,"column":13},"end":{"line":122,"column":1}},"11":{"start":{"line":124,"column":24},"end":{"line":127,"column":1}},"12":{"start":{"line":129,"column":27},"end":{"line":137,"column":1}},"13":{"start":{"line":139,"column":37},"end":{"line":142,"column":1}},"14":{"start":{"line":144,"column":30},"end":{"line":159,"column":1}},"15":{"start":{"line":161,"column":36},"end":{"line":164,"column":1}},"16":{"start":{"line":165,"column":34},"end":{"line":168,"column":1}},"17":{"start":{"line":170,"column":28},"end":{"line":180,"column":1}},"18":{"start":{"line":182,"column":24},"end":{"line":187,"column":1}}},"fnMap":{},"branchMap":{},"s":{"0":2,"1":2,"2":2,"3":2,"4":2,"5":2,"6":2,"7":2,"8":2,"9":2,"10":2,"11":2,"12":2,"13":2,"14":2,"15":2,"16":2,"17":2,"18":2},"f":{},"b":{},"_coverageSchema":"43e27e138ebf9cfc5966b082cf9a028302ed4184","hash":"93b388fb0dcc91b8ef7b275be343ecda402d9e09"}
}
