TN:
SF:C:\Users\Brian\OneDrive\Área de Trabalho\projetos\Brian-Mello\semana12\Aula3-Projeto-WeekPlanner\src\actions\index.js
FN:5,(anonymous_0)
FN:12,(anonymous_1)
FN:12,(anonymous_2)
FN:18,(anonymous_3)
FN:18,(anonymous_4)
FNF:5
FNH:5
FNDA:4,(anonymous_0)
FNDA:3,(anonymous_1)
FNDA:2,(anonymous_2)
FNDA:1,(anonymous_3)
FNDA:1,(anonymous_4)
DA:3,4
DA:5,4
DA:12,4
DA:14,2
DA:15,1
DA:18,4
DA:20,1
DA:25,1
DA:27,1
DA:29,1
LF:10
LH:10
BRDA:27,0,0,1
BRDA:27,0,1,0
BRF:2
BRH:1
end_of_record
TN:
SF:C:\Users\Brian\OneDrive\Área de Trabalho\projetos\Brian-Mello\semana12\Aula3-Projeto-WeekPlanner\src\components\SelectForDay\index.js
FN:4,SelectedDay
FNF:1
FNH:1
FNDA:2,SelectedDay
DA:5,2
LF:1
LH:1
BRF:0
BRH:0
end_of_record
TN:
SF:C:\Users\Brian\OneDrive\Área de Trabalho\projetos\Brian-Mello\semana12\Aula3-Projeto-WeekPlanner\src\containers\Planner\index.js
FN:19,(anonymous_0)
FN:27,(anonymous_1)
FN:31,(anonymous_2)
FN:38,(anonymous_3)
FN:50,(anonymous_4)
FN:55,(anonymous_5)
FN:59,(anonymous_6)
FN:66,(anonymous_7)
FN:77,(anonymous_8)
FN:84,(anonymous_9)
FN:95,(anonymous_10)
FN:102,(anonymous_11)
FN:113,(anonymous_12)
FN:119,(anonymous_13)
FN:130,(anonymous_14)
FN:137,(anonymous_15)
FN:148,(anonymous_16)
FN:154,(anonymous_17)
FN:165,(anonymous_18)
FN:171,(anonymous_19)
FN:189,(anonymous_20)
FN:215,(anonymous_21)
FN:219,(anonymous_22)
FN:223,(anonymous_23)
FN:227,(anonymous_24)
FN:231,(anonymous_25)
FN:235,(anonymous_26)
FN:239,(anonymous_27)
FN:248,(anonymous_28)
FN:253,(anonymous_29)
FN:254,(anonymous_30)
FN:255,(anonymous_31)
FNF:32
FNH:7
FNDA:2,(anonymous_0)
FNDA:2,(anonymous_1)
FNDA:0,(anonymous_2)
FNDA:0,(anonymous_3)
FNDA:0,(anonymous_4)
FNDA:2,(anonymous_5)
FNDA:0,(anonymous_6)
FNDA:0,(anonymous_7)
FNDA:0,(anonymous_8)
FNDA:0,(anonymous_9)
FNDA:0,(anonymous_10)
FNDA:0,(anonymous_11)
FNDA:0,(anonymous_12)
FNDA:0,(anonymous_13)
FNDA:0,(anonymous_14)
FNDA:0,(anonymous_15)
FNDA:0,(anonymous_16)
FNDA:0,(anonymous_17)
FNDA:0,(anonymous_18)
FNDA:0,(anonymous_19)
FNDA:2,(anonymous_20)
FNDA:0,(anonymous_21)
FNDA:0,(anonymous_22)
FNDA:0,(anonymous_23)
FNDA:0,(anonymous_24)
FNDA:0,(anonymous_25)
FNDA:0,(anonymous_26)
FNDA:0,(anonymous_27)
FNDA:1,(anonymous_28)
FNDA:1,(anonymous_29)
FNDA:0,(anonymous_30)
FNDA:1,(anonymous_31)
DA:9,2
DA:20,2
DA:21,2
DA:28,2
DA:31,2
DA:32,0
DA:34,0
DA:38,2
DA:39,0
DA:41,0
DA:42,0
DA:44,0
DA:46,0
DA:47,0
DA:50,2
DA:51,0
DA:52,0
DA:57,2
DA:59,2
DA:60,0
DA:65,2
DA:66,2
DA:67,0
DA:68,0
DA:69,0
DA:70,0
DA:72,0
DA:77,2
DA:78,0
DA:83,2
DA:84,2
DA:85,0
DA:86,0
DA:87,0
DA:88,0
DA:90,0
DA:95,2
DA:96,0
DA:101,2
DA:102,2
DA:103,0
DA:104,0
DA:105,0
DA:106,0
DA:108,0
DA:113,2
DA:114,0
DA:118,2
DA:119,2
DA:120,0
DA:121,0
DA:122,0
DA:123,0
DA:125,0
DA:130,2
DA:131,0
DA:136,2
DA:137,2
DA:138,0
DA:139,0
DA:140,0
DA:141,0
DA:143,0
DA:148,2
DA:149,0
DA:153,2
DA:154,2
DA:155,0
DA:156,0
DA:157,0
DA:158,0
DA:160,0
DA:165,2
DA:166,0
DA:170,2
DA:171,2
DA:172,0
DA:173,0
DA:174,0
DA:175,0
DA:177,0
DA:182,2
DA:190,2
DA:215,0
DA:219,0
DA:223,0
DA:227,0
DA:231,0
DA:235,0
DA:239,0
DA:248,2
DA:253,2
DA:254,0
DA:255,1
LF:94
LH:34
BRDA:65,0,0,2
BRDA:65,0,1,0
BRDA:67,1,0,0
BRDA:67,1,1,0
BRDA:69,2,0,0
BRDA:69,2,1,0
BRDA:83,3,0,2
BRDA:83,3,1,0
BRDA:85,4,0,0
BRDA:85,4,1,0
BRDA:87,5,0,0
BRDA:87,5,1,0
BRDA:101,6,0,2
BRDA:101,6,1,0
BRDA:103,7,0,0
BRDA:103,7,1,0
BRDA:105,8,0,0
BRDA:105,8,1,0
BRDA:118,9,0,2
BRDA:118,9,1,0
BRDA:120,10,0,0
BRDA:120,10,1,0
BRDA:122,11,0,0
BRDA:122,11,1,0
BRDA:136,12,0,2
BRDA:136,12,1,0
BRDA:138,13,0,0
BRDA:138,13,1,0
BRDA:140,14,0,0
BRDA:140,14,1,0
BRDA:153,15,0,2
BRDA:153,15,1,0
BRDA:155,16,0,0
BRDA:155,16,1,0
BRDA:157,17,0,0
BRDA:157,17,1,0
BRDA:170,18,0,2
BRDA:170,18,1,0
BRDA:172,19,0,0
BRDA:172,19,1,0
BRDA:174,20,0,0
BRDA:174,20,1,0
BRDA:196,21,0,2
BRDA:196,21,1,2
BRF:44
BRH:9
end_of_record
TN:
SF:C:\Users\Brian\OneDrive\Área de Trabalho\projetos\Brian-Mello\semana12\Aula3-Projeto-WeekPlanner\src\style\styled.js
FNF:0
FNH:0
DA:5,2
DA:18,2
DA:28,2
DA:39,2
DA:52,2
DA:65,2
DA:77,2
DA:94,2
DA:99,2
DA:115,2
DA:120,2
DA:124,2
DA:129,2
DA:139,2
DA:144,2
DA:161,2
DA:165,2
DA:170,2
DA:182,2
LF:19
LH:19
BRF:0
BRH:0
end_of_record
